<?xml version="1.0" encoding="UTF-8"?>
<!-- Generated by org.testng.reporters.JUnitReportReporter -->
<testsuite hostname="DESKTOP-F0M8TE4" failures="0" tests="18" name="testngpack.Grouping" time="0.035" errors="0" timestamp="2022-06-06T18:34:56 IST" skipped="0">
  <testcase classname="testngpack.Grouping" name="it6" time="0.001"/>
  <system-out>
    <![CDATA[it6]]>
  </system-out>
  <testcase classname="testngpack.Grouping" name="st4" time="0.001"/>
  <system-out>
    <![CDATA[st4]]>
  </system-out>
  <testcase classname="testngpack.Grouping" name="it4" time="0.001"/>
  <system-out>
    <![CDATA[it4]]>
  </system-out>
  <testcase classname="testngpack.Grouping" name="st3" time="0.002"/>
  <system-out>
    <![CDATA[st3]]>
  </system-out>
  <testcase classname="testngpack.Grouping" name="st5" time="0.001"/>
  <system-out>
    <![CDATA[st5]]>
  </system-out>
  <testcase classname="testngpack.Grouping" name="it2" time="0.001"/>
  <system-out>
    <![CDATA[it2]]>
  </system-out>
  <testcase classname="testngpack.Grouping" name="ft2" time="0.002"/>
  <system-out>
    <![CDATA[ft2]]>
  </system-out>
  <testcase classname="testngpack.Grouping" name="ft4" time="0.001"/>
  <system-out>
    <![CDATA[ft4]]>
  </system-out>
  <testcase classname="testngpack.Grouping" name="st6" time="0.001"/>
  <system-out>
    <![CDATA[st6]]>
  </system-out>
  <testcase classname="testngpack.Grouping" name="ft3" time="0.002"/>
  <system-out>
    <![CDATA[ft3]]>
  </system-out>
  <testcase classname="testngpack.Grouping" name="it5" time="0.002"/>
  <system-out>
    <![CDATA[it5]]>
  </system-out>
  <testcase classname="testngpack.Grouping" name="st1" time="0.001"/>
  <system-out>
    <![CDATA[st1]]>
  </system-out>
  <testcase classname="testngpack.Grouping" name="it1" time="0.001"/>
  <system-out>
    <![CDATA[it1]]>
  </system-out>
  <testcase classname="testngpack.Grouping" name="ft1" time="0.011"/>
  <system-out>
    <![CDATA[ft1]]>
  </system-out>
  <testcase classname="testngpack.Grouping" name="ft5" time="0.002"/>
  <system-out>
    <![CDATA[ft5]]>
  </system-out>
  <testcase classname="testngpack.Grouping" name="it3" time="0.002"/>
  <system-out>
    <![CDATA[it3]]>
  </system-out>
  <testcase classname="testngpack.Grouping" name="ft6" time="0.002"/>
  <system-out>
    <![CDATA[ft6]]>
  </system-out>
  <testcase classname="testngpack.Grouping" name="st2" time="0.001"/>
  <system-out>
    <![CDATA[st2]]>
  </system-out>
</testsuite> <!-- testngpack.Grouping -->
