<?xml version="1.0" encoding="UTF-8"?>
<!-- Generated by org.testng.reporters.JUnitReportReporter -->
<testsuite hostname="DESKTOP-F0M8TE4" failures="0" tests="1" name="testngpack.Remo" time="0.015" errors="0" timestamp="2022-06-06T18:35:34 IST" skipped="0">
  <testcase classname="testngpack.Remo" name="b" time="0.015"/>
  <system-out>
    <![CDATA[remo class method]]>
  </system-out>
</testsuite> <!-- testngpack.Remo -->
